<?xml version="1.0" encoding="UTF-8"?>
<!-- Generated by org.testng.reporters.JUnitReportReporter -->
<testsuite skipped="0" hostname="DESKTOP-J27T1Q7" name="myfirsttestngpackage.MyFirstTestNGFile" tests="2" failures="0" timestamp="2020-02-19T16:25:51 IST" time="13.574" errors="0">
  <testcase name="openUrl" time="12.112" classname="myfirsttestngpackage.MyFirstTestNGFile"/>
  <testcase name="login" time="1.462" classname="myfirsttestngpackage.MyFirstTestNGFile"/>
</testsuite> <!-- myfirsttestngpackage.MyFirstTestNGFile -->
